<?xml version="1.0" encoding="UTF-8"?>
<!-- Generated by org.testng.reporters.JUnitXMLReporter -->
<testsuite ignored="0" hostname="DESKTOP-HV3UBSC" failures="1" tests="1" name="Test" time="14.87" errors="0" timestamp="2021-05-02T02:10:38 IST">
  <testcase classname="cucumber.api.testng.AbstractTestNGCucumberTests" name="runScenario" time="14.364">
    <failure type="java.lang.AssertionError" message="expected [My account - My Store] but found [Login - My Store]">
      <![CDATA[java.lang.AssertionError: expected [My account - My Store] but found [Login - My Store]
at com.ms.stepDefination.stepDefination1.i_want_to_verify_whether_user_navigated_to_home_page_or_not(stepDefination1.java:40)
at ✽.I want to verify whether user navigated to home page or not(resources/Features/Googlecheck.feature:6)
... Removed 6 stack frames]]>
    </failure>
  </testcase> <!-- runScenario -->
</testsuite> <!-- Test -->
