<?xml version="1.0" encoding="UTF-8"?>
<testng-results ignored="0" total="1" passed="0" failed="1" skipped="0">
  <reporter-output>
    <line>
      <![CDATA[<div "result">I want to launch the facebook in firefox browser (SKIPPED)</div>]]>
    </line>
    <line>
      <![CDATA[<div "result">I want to authenticate with valid credentails (SKIPPED)</div>]]>
    </line>
    <line>
      <![CDATA[<div "result">I want to verify whether user navigated to home page or not (SKIPPED)</div>]]>
    </line>
  </reporter-output>
  <suite started-at="2021-05-14T00:14:10 IST" name="Command line suite" finished-at="2021-05-14T00:14:22 IST" duration-ms="11671">
    <groups>
      <group name="cucumber">
        <method signature="MSRunner.runScenario(gherkin.events.PickleEvent)[pri:0, instance:com.ms.utilities.MSRunner@29cbae05]" name="runScenario" class="com.ms.utilities.MSRunner"/>
      </group> <!-- cucumber -->
    </groups>
    <test started-at="2021-05-14T00:14:10 IST" name="Command line test" finished-at="2021-05-14T00:14:22 IST" duration-ms="11671">
      <class name="com.ms.utilities.MSRunner">
        <test-method is-config="true" signature="beforeClass()[pri:0, instance:com.ms.utilities.MSRunner@29cbae05]" started-at="2021-05-14T00:14:10 IST" name="beforeClass" finished-at="2021-05-14T00:14:14 IST" duration-ms="4234" status="PASS">
          <reporter-output>
          </reporter-output>
        </test-method> <!-- beforeClass -->
        <test-method signature="runScenario(gherkin.events.PickleEvent)[pri:0, instance:com.ms.utilities.MSRunner@29cbae05]" started-at="2021-05-14T00:14:14 IST" name="runScenario" description="Runs Cucumber Scenario" data-provider="scenarios" finished-at="2021-05-14T00:14:14 IST" duration-ms="15" status="FAIL">
          <params>
            <param index="0">
              <value>
                <![CDATA[gherkin.events.PickleEvent@262405d0]]>
              </value>
            </param>
          </params>
          <reporter-output>
            <line>
              <![CDATA[<div "result">I want to launch the facebook in firefox browser (SKIPPED)</div>]]>
            </line>
            <line>
              <![CDATA[<div "result">I want to authenticate with valid credentails (SKIPPED)</div>]]>
            </line>
            <line>
              <![CDATA[<div "result">I want to verify whether user navigated to home page or not (SKIPPED)</div>]]>
            </line>
          </reporter-output>
        </test-method> <!-- runScenario -->
        <test-method is-config="true" signature="afterClass()[pri:0, instance:com.ms.utilities.MSRunner@29cbae05]" started-at="2021-05-14T00:14:14 IST" name="afterClass" finished-at="2021-05-14T00:14:22 IST" duration-ms="7317" status="PASS">
          <reporter-output>
          </reporter-output>
        </test-method> <!-- afterClass -->
      </class> <!-- com.ms.utilities.MSRunner -->
    </test> <!-- Command line test -->
  </suite> <!-- Command line suite -->
</testng-results>
