<?xml version="1.0" encoding="UTF-8"?>
<!-- Generated by org.testng.reporters.JUnitReportReporter -->
<testsuite hostname="DESKTOP-HV3UBSC" failures="1" tests="1" name="com.ms.config.TestRunner" time="14.364" errors="0" timestamp="2021-05-02T02:10:38 IST" skipped="0">
  <testcase classname="com.ms.config.TestRunner" name="runScenario" time="14.364">
    <failure message="expected [My account - My Store] but found [Login - My Store]" type="java.lang.AssertionError">
      <![CDATA[java.lang.AssertionError: expected [My account - My Store] but found [Login - My Store]
at org.testng.Assert.fail(Assert.java:99)
at org.testng.Assert.failNotEquals(Assert.java:1037)
at org.testng.Assert.assertEqualsImpl(Assert.java:140)
at org.testng.Assert.assertEquals(Assert.java:122)
at org.testng.Assert.assertEquals(Assert.java:629)
at org.testng.Assert.assertEquals(Assert.java:639)
at com.ms.stepDefination.stepDefination1.i_want_to_verify_whether_user_navigated_to_home_page_or_not(stepDefination1.java:40)
at ✽.I want to verify whether user navigated to home page or not(resources/Features/Googlecheck.feature:6)
]]>
    </failure>
  </testcase> <!-- runScenario -->
  <system-out>
<div "result">I want to launch the facebook in firefox browser (PASSED : 14s)</div> <div "result">I want to authenticate with valid credentails (PASSED : 0s)</div> <div "result">I want to verify whether user navigated to home page or not (FAILED : 0s)</div>  </system-out>
</testsuite> <!-- com.ms.config.TestRunner -->
